2019-03-26 18:13:14,143 INFO  [main] CustomerManagementApplication: Starting CustomerManagementApplication on Евгений-ПК with PID 7116 (started by Евгений in D:\Program Files\e-Ground)
2019-03-26 18:13:14,155 DEBUG [main] CustomerManagementApplication: Running with Spring Boot v2.1.3.RELEASE, Spring v5.1.5.RELEASE
2019-03-26 18:13:14,156 INFO  [main] CustomerManagementApplication: No active profile set, falling back to default profiles: default
2019-03-26 18:13:17,516 INFO  [main] RepositoryConfigurationDelegate: Bootstrapping Spring Data repositories in DEFAULT mode.
2019-03-26 18:13:17,681 INFO  [main] RepositoryConfigurationDelegate: Finished Spring Data repository scanning in 142ms. Found 1 repository interfaces.
2019-03-26 18:13:18,712 INFO  [main] PostProcessorRegistrationDelegate$BeanPostProcessorChecker: Bean 'org.springframework.transaction.annotation.ProxyTransactionManagementConfiguration' of type [org.springframework.transaction.annotation.ProxyTransactionManagementConfiguration$$EnhancerBySpringCGLIB$$3047c33c] is not eligible for getting processed by all BeanPostProcessors (for example: not eligible for auto-proxying)
2019-03-26 18:13:19,452 INFO  [main] TomcatWebServer: Tomcat initialized with port(s): 8082 (http)
2019-03-26 18:13:19,510 INFO  [main] StandardService: Starting service [Tomcat]
2019-03-26 18:13:19,512 INFO  [main] StandardEngine: Starting Servlet engine: [Apache Tomcat/9.0.16]
2019-03-26 18:13:19,525 INFO  [main] AprLifecycleListener: The APR based Apache Tomcat Native library which allows optimal performance in production environments was not found on the java.library.path: [C:\Program Files\Java\jdk1.8.0_144\bin;C:\Windows\Sun\Java\bin;C:\Windows\system32;C:\Windows;C:\Program Files (x86)\Common Files\Oracle\Java\javapath;C:\Program Files (x86)\Intel\TXE Components\TCS\;C:\Program Files\Intel\TXE Components\TCS\;C:\ProgramData\Oracle\Java\javapath;C:\Windows\system32;C:\Windows;C:\Windows\System32\Wbem;C:\Windows\System32\WindowsPowerShell\v1.0\;D:\Program Files\PostgreSQL\pg11\bin;D:\Program Files\nodejs\;C:\Program Files\dotnet\;C:\Program Files\Git\cmd;C:\Users\Евгений\AppData\Local\Programs\Python\Python37\Scripts\;C:\Users\Евгений\AppData\Local\Programs\Python\Python37\;C:\Users\Евгений\AppData\Roaming\npm;C:\Users\Евгений\AppData\Local\atom\bin;D:\Program Files\JetBrains\PyCharm Community Edition 2018.3.5\bin;;.]
2019-03-26 18:13:19,837 INFO  [main] [/]: Initializing Spring embedded WebApplicationContext
2019-03-26 18:13:19,837 INFO  [main] ContextLoader: Root WebApplicationContext: initialization completed in 5553 ms
2019-03-26 18:13:20,230 INFO  [main] HikariDataSource: HikariPool-1 - Starting...
2019-03-26 18:13:20,604 INFO  [main] HikariDataSource: HikariPool-1 - Start completed.
2019-03-26 18:13:20,717 INFO  [main] LogHelper: HHH000204: Processing PersistenceUnitInfo [
	name: default
	...]
2019-03-26 18:13:20,879 INFO  [main] Version: HHH000412: Hibernate Core {5.3.7.Final}
2019-03-26 18:13:20,884 INFO  [main] Environment: HHH000206: hibernate.properties not found
2019-03-26 18:13:21,212 INFO  [main] Version: HCANN000001: Hibernate Commons Annotations {5.0.4.Final}
2019-03-26 18:13:21,534 INFO  [main] Dialect: HHH000400: Using dialect: org.hibernate.dialect.PostgreSQL95Dialect
2019-03-26 18:13:21,574 INFO  [main] LobCreatorBuilderImpl: HHH000422: Disabling contextual LOB creation as connection was null
2019-03-26 18:13:21,587 INFO  [main] BasicTypeRegistry: HHH000270: Type registration [java.util.UUID] overrides previous : org.hibernate.type.UUIDBinaryType@889a8a8
2019-03-26 18:13:23,979 INFO  [main] LocalContainerEntityManagerFactoryBean: Initialized JPA EntityManagerFactory for persistence unit 'default'
2019-03-26 18:13:26,161 WARN  [main] JpaBaseConfiguration$JpaWebConfiguration$JpaWebMvcConfiguration: spring.jpa.open-in-view is enabled by default. Therefore, database queries may be performed during view rendering. Explicitly configure spring.jpa.open-in-view to disable this warning
2019-03-26 18:13:26,584 INFO  [main] UserDetailsServiceAutoConfiguration: 

Using generated security password: c666cf39-e6c6-453f-bb0d-0402f2b9bd98

2019-03-26 18:13:26,799 INFO  [main] DefaultSecurityFilterChain: Creating filter chain: any request, [org.springframework.security.web.context.request.async.WebAsyncManagerIntegrationFilter@517fbf62, org.springframework.security.web.context.SecurityContextPersistenceFilter@386e9fd8, org.springframework.security.web.header.HeaderWriterFilter@6501b105, org.springframework.security.web.csrf.CsrfFilter@7ff6804a, org.springframework.security.web.authentication.logout.LogoutFilter@15f861ee, org.springframework.security.web.savedrequest.RequestCacheAwareFilter@10745a02, org.springframework.security.web.servletapi.SecurityContextHolderAwareRequestFilter@4cfc0c48, org.springframework.security.web.authentication.AnonymousAuthenticationFilter@65db548, org.springframework.security.web.session.SessionManagementFilter@3d798e76, org.springframework.security.web.access.ExceptionTranslationFilter@175f859e, org.springframework.security.web.access.intercept.FilterSecurityInterceptor@2a631049]
2019-03-26 18:13:26,856 INFO  [main] PropertySourcedRequestMappingHandlerMapping: Mapped URL path [/v2/api-docs] onto method [public org.springframework.http.ResponseEntity<springfox.documentation.spring.web.json.Json> springfox.documentation.swagger2.web.Swagger2Controller.getDocumentation(java.lang.String,javax.servlet.http.HttpServletRequest)]
2019-03-26 18:13:27,204 INFO  [main] ThreadPoolTaskExecutor: Initializing ExecutorService 'applicationTaskExecutor'
2019-03-26 18:13:27,641 INFO  [main] DocumentationPluginsBootstrapper: Context refreshed
2019-03-26 18:13:27,696 INFO  [main] DocumentationPluginsBootstrapper: Found 1 custom documentation plugin(s)
2019-03-26 18:13:27,796 INFO  [main] ApiListingReferenceScanner: Scanning for api listing references
2019-03-26 18:13:28,196 INFO  [main] TomcatWebServer: Tomcat started on port(s): 8082 (http) with context path ''
2019-03-26 18:13:28,201 INFO  [main] CustomerManagementApplication: Started CustomerManagementApplication in 15.788 seconds (JVM running for 17.879)
2019-03-26 18:13:48,736 INFO  [http-nio-8082-exec-1] [/]: Initializing Spring DispatcherServlet 'dispatcherServlet'
2019-03-26 18:13:48,739 INFO  [http-nio-8082-exec-1] DispatcherServlet: Initializing Servlet 'dispatcherServlet'
2019-03-26 18:13:48,756 INFO  [http-nio-8082-exec-1] DispatcherServlet: Completed initialization in 17 ms
